2025-04-26 14:43:53 - PERFORMANCE - 左侧面板创建完成
2025-04-26 14:43:53 - PERFORMANCE - 中间面板创建完成
2025-04-26 14:43:53 - PERFORMANCE - 右侧面板创建完成
2025-04-26 14:43:53 - PERFORMANCE - 底部面板创建完成
2025-04-26 14:43:53 - PERFORMANCE - 菜单栏创建完成
2025-04-26 14:43:53 - PERFORMANCE - 工具栏初始化完成
2025-04-26 14:43:53 - PERFORMANCE - 工具栏创建完成
2025-04-26 14:43:53 - PERFORMANCE - 主题应用完成
2025-04-26 14:43:53 - PERFORMANCE - UI初始化完成
2025-04-26 14:43:53 - PERFORMANCE - 信号连接完成
2025-04-26 14:43:53 - PERFORMANCE - 性能监控面板初始化完成
2025-04-26 14:43:53 - PERFORMANCE - 性能监控已启动
2025-04-26 14:43:53 - PERFORMANCE - 性能监控系统已启动
2025-04-26 14:43:53 - PERFORMANCE - 交易系统主窗口初始化完成
2025-04-26 14:43:55 - PERFORMANCE - CPU使用率过高: 293.0%
2025-04-26 14:43:55 - PERFORMANCE - CPU使用率过高: 293.0%
2025-04-26 14:43:58 - PERFORMANCE - CPU使用率过高: 390.6%
2025-04-26 14:43:58 - PERFORMANCE - CPU使用率过高: 390.6%
2025-04-26 14:43:59 - PERFORMANCE - CPU使用率过高: 100.8%
2025-04-26 14:43:59 - PERFORMANCE - CPU使用率过高: 100.8%
2025-04-26 14:44:00 - PERFORMANCE - CPU使用率过高: 403.2%
2025-04-26 14:44:00 - PERFORMANCE - CPU使用率过高: 403.2%
2025-04-26 14:44:01 - PERFORMANCE - CPU使用率过高: 151.2%
2025-04-26 14:44:01 - PERFORMANCE - CPU使用率过高: 151.2%
2025-04-26 14:44:02 - PERFORMANCE - CPU使用率过高: 1354.2%
2025-04-26 14:44:02 - PERFORMANCE - CPU使用率过高: 1354.2%
2025-04-26 14:44:03 - PERFORMANCE - CPU使用率过高: 82.3%
2025-04-26 14:44:03 - PERFORMANCE - 请先选择股票
2025-04-26 14:50:48 - PERFORMANCE - 左侧面板创建完成
2025-04-26 14:50:48 - PERFORMANCE - 中间面板创建完成
2025-04-26 14:50:48 - PERFORMANCE - 右侧面板创建完成
2025-04-26 14:50:48 - PERFORMANCE - 底部面板创建完成
2025-04-26 14:50:48 - PERFORMANCE - 菜单栏创建完成
2025-04-26 14:50:48 - PERFORMANCE - 工具栏初始化完成
2025-04-26 14:50:48 - PERFORMANCE - 工具栏创建完成
2025-04-26 14:50:48 - PERFORMANCE - 应用主题到部件失败: 'TradingGUI' object is not callable
2025-04-26 14:50:48 - PERFORMANCE - 应用主题到部件失败: 'TradingGUI' object is not callable
2025-04-26 14:50:48 - PERFORMANCE - 主题应用完成
2025-04-26 14:50:48 - PERFORMANCE - UI初始化完成
2025-04-26 14:50:48 - PERFORMANCE - 信号连接完成
2025-04-26 14:50:48 - PERFORMANCE - 应用主题到部件失败: 'TradingGUI' object is not callable
2025-04-26 14:50:48 - PERFORMANCE - 应用主题到部件失败: 'TradingGUI' object is not callable
2025-04-26 14:50:48 - PERFORMANCE - 主题应用完成
2025-04-26 14:50:48 - PERFORMANCE - 性能监控面板初始化完成
2025-04-26 14:50:48 - PERFORMANCE - 性能监控已启动
2025-04-26 14:50:48 - PERFORMANCE - 性能监控系统已启动
2025-04-26 14:50:48 - PERFORMANCE - 交易系统主窗口初始化完成
2025-04-26 14:50:49 - PERFORMANCE - CPU使用率过高: 239.1%
2025-04-26 14:50:49 - PERFORMANCE - CPU使用率过高: 239.1%
2025-04-26 14:50:53 - PERFORMANCE - CPU使用率过高: 293.0%
2025-04-26 14:50:53 - PERFORMANCE - CPU使用率过高: 293.0%
2025-04-26 14:50:55 - PERFORMANCE - CPU使用率过高: 97.7%
2025-04-26 14:50:55 - PERFORMANCE - CPU使用率过高: 97.7%
2025-04-26 14:50:56 - PERFORMANCE - CPU使用率过高: 97.7%
2025-04-26 14:50:56 - PERFORMANCE - CPU使用率过高: 97.7%
2025-04-26 14:50:57 - PERFORMANCE - CPU使用率过高: 1855.5%
2025-04-26 14:50:57 - PERFORMANCE - CPU使用率过高: 1855.5%
2025-04-26 14:50:58 - PERFORMANCE - CPU使用率过高: 81.5%
2025-04-26 14:52:58 - PERFORMANCE - 左侧面板创建完成
2025-04-26 14:52:58 - PERFORMANCE - 中间面板创建完成
2025-04-26 14:52:58 - PERFORMANCE - 右侧面板创建完成
2025-04-26 14:52:58 - PERFORMANCE - 底部面板创建完成
2025-04-26 14:52:58 - PERFORMANCE - 菜单栏创建完成
2025-04-26 14:52:58 - PERFORMANCE - 工具栏初始化完成
2025-04-26 14:52:58 - PERFORMANCE - 工具栏创建完成
2025-04-26 14:52:58 - PERFORMANCE - 应用主题到部件失败: 'TradingGUI' object is not callable
2025-04-26 14:52:58 - PERFORMANCE - 应用主题到部件失败: 'TradingGUI' object is not callable
2025-04-26 14:52:58 - PERFORMANCE - 主题应用完成
2025-04-26 14:52:58 - PERFORMANCE - UI初始化完成
2025-04-26 14:52:58 - PERFORMANCE - 信号连接完成
2025-04-26 14:52:58 - PERFORMANCE - 应用主题到部件失败: 'TradingGUI' object is not callable
2025-04-26 14:52:58 - PERFORMANCE - 应用主题到部件失败: 'TradingGUI' object is not callable
2025-04-26 14:52:58 - PERFORMANCE - 主题应用完成
2025-04-26 14:52:58 - PERFORMANCE - 性能监控面板初始化完成
2025-04-26 14:52:58 - PERFORMANCE - 性能监控已启动
2025-04-26 14:52:58 - PERFORMANCE - 性能监控系统已启动
2025-04-26 14:52:58 - PERFORMANCE - 交易系统主窗口初始化完成
2025-04-26 14:52:59 - PERFORMANCE - CPU使用率过高: 227.6%
2025-04-26 14:52:59 - PERFORMANCE - CPU使用率过高: 227.6%
2025-04-26 14:53:00 - PERFORMANCE - CPU使用率过高: 223.7%
2025-04-26 14:53:00 - PERFORMANCE - CPU使用率过高: 223.7%
2025-04-26 14:53:01 - PERFORMANCE - CPU使用率过高: 218.7%
2025-04-26 14:53:01 - PERFORMANCE - CPU使用率过高: 218.7%
2025-04-26 14:53:04 - PERFORMANCE - CPU使用率过高: 208.3%
2025-04-26 14:53:04 - PERFORMANCE - CPU使用率过高: 208.3%
2025-04-26 14:53:05 - PERFORMANCE - CPU使用率过高: 195.3%
2025-04-26 14:53:05 - PERFORMANCE - CPU使用率过高: 195.3%
2025-04-26 14:53:06 - PERFORMANCE - CPU使用率过高: 218.7%
2025-04-26 14:53:06 - PERFORMANCE - CPU使用率过高: 218.7%
2025-04-26 14:53:07 - PERFORMANCE - CPU使用率过高: 201.7%
2025-04-26 14:53:08 - PERFORMANCE - CPU使用率过高: 609.4%
2025-04-26 14:55:15 - PERFORMANCE - 左侧面板创建完成
2025-04-26 14:55:15 - PERFORMANCE - 中间面板创建完成
2025-04-26 14:55:15 - PERFORMANCE - 右侧面板创建完成
2025-04-26 14:55:15 - PERFORMANCE - 底部面板创建完成
2025-04-26 14:55:15 - PERFORMANCE - 菜单栏创建完成
2025-04-26 14:55:15 - PERFORMANCE - 工具栏初始化完成
2025-04-26 14:55:15 - PERFORMANCE - 工具栏创建完成
2025-04-26 14:55:15 - PERFORMANCE - 应用主题失败: 'builtin_function_or_method' object has no attribute 'palette'
2025-04-26 14:55:15 - PERFORMANCE - Traceback (most recent call last):
  File "<ipython-input-1-26e924e9f60d>", line 486, in apply_theme
    self.theme_manager.apply_theme(widget)
  File "d:\DevelopTool\FreeCode\HIkyuu-UI\hikyuu-ui\utils\theme.py", line 246, in apply_theme
    palette = widget.palette()
              ^^^^^^^^^^^^^^
AttributeError: 'builtin_function_or_method' object has no attribute 'palette'

2025-04-26 14:55:15 - PERFORMANCE - UI初始化完成
2025-04-26 14:55:15 - PERFORMANCE - 信号连接完成
2025-04-26 14:55:15 - PERFORMANCE - 应用主题失败: 'builtin_function_or_method' object has no attribute 'palette'
2025-04-26 14:55:15 - PERFORMANCE - Traceback (most recent call last):
  File "<ipython-input-1-26e924e9f60d>", line 486, in apply_theme
    self.theme_manager.apply_theme(widget)
  File "d:\DevelopTool\FreeCode\HIkyuu-UI\hikyuu-ui\utils\theme.py", line 246, in apply_theme
    palette = widget.palette()
              ^^^^^^^^^^^^^^
AttributeError: 'builtin_function_or_method' object has no attribute 'palette'

2025-04-26 14:55:15 - PERFORMANCE - 性能监控面板初始化完成
2025-04-26 14:55:15 - PERFORMANCE - 性能监控已启动
2025-04-26 14:55:15 - PERFORMANCE - 性能监控系统已启动
2025-04-26 14:55:15 - PERFORMANCE - 交易系统主窗口初始化完成
2025-04-26 14:55:21 - PERFORMANCE - CPU使用率过高: 221.5%
2025-04-26 14:55:21 - PERFORMANCE - CPU使用率过高: 221.5%
2025-04-26 14:55:22 - PERFORMANCE - CPU使用率过高: 585.9%
2025-04-26 14:55:22 - PERFORMANCE - CPU使用率过高: 585.9%
2025-04-26 14:55:23 - PERFORMANCE - CPU使用率过高: 201.6%
2025-04-26 14:55:23 - PERFORMANCE - CPU使用率过高: 201.6%
2025-04-26 14:55:24 - PERFORMANCE - CPU使用率过高: 698.1%
2025-04-26 14:55:24 - PERFORMANCE - CPU使用率过高: 698.1%
2025-04-26 14:55:28 - PERFORMANCE - 分析失败: 'TradingGUI' object has no attribute 'current_stock'
2025-04-26 14:55:28 - PERFORMANCE - Traceback (most recent call last):
  File "<ipython-input-1-26e924e9f60d>", line 3124, in analyze
    if not self.current_stock:
           ^^^^^^^^^^^^^^^^^^
AttributeError: 'TradingGUI' object has no attribute 'current_stock'

2025-04-26 14:55:28 - PERFORMANCE - 分析失败: 'TradingGUI' object has no attribute 'current_stock'
2025-04-26 14:58:42 - PERFORMANCE - 左侧面板创建完成
2025-04-26 14:58:42 - PERFORMANCE - 中间面板创建完成
2025-04-26 14:58:42 - PERFORMANCE - 右侧面板创建完成
2025-04-26 14:58:42 - PERFORMANCE - 底部面板创建完成
2025-04-26 14:58:42 - PERFORMANCE - 菜单栏创建完成
2025-04-26 14:58:42 - PERFORMANCE - 工具栏初始化完成
2025-04-26 14:58:42 - PERFORMANCE - 工具栏创建完成
2025-04-26 14:58:42 - PERFORMANCE - 主题应用完成
2025-04-26 14:58:42 - PERFORMANCE - UI初始化完成
2025-04-26 14:58:42 - PERFORMANCE - 信号连接完成
2025-04-26 14:58:42 - PERFORMANCE - 主题应用完成
2025-04-26 14:58:42 - PERFORMANCE - 性能监控面板初始化完成
2025-04-26 14:58:42 - PERFORMANCE - 性能监控已启动
2025-04-26 14:58:42 - PERFORMANCE - 性能监控系统已启动
2025-04-26 14:58:42 - PERFORMANCE - 交易系统主窗口初始化完成
2025-04-26 14:58:45 - PERFORMANCE - CPU使用率过高: 104.2%
2025-04-26 14:58:45 - PERFORMANCE - CPU使用率过高: 104.2%
2025-04-26 14:58:49 - PERFORMANCE - CPU使用率过高: 195.3%
2025-04-26 14:58:49 - PERFORMANCE - CPU使用率过高: 195.3%
2025-04-26 14:58:50 - PERFORMANCE - CPU使用率过高: 100.8%
2025-04-26 14:58:50 - PERFORMANCE - CPU使用率过高: 100.8%
2025-04-26 14:58:51 - PERFORMANCE - CPU使用率过高: 504.0%
2025-04-26 14:58:51 - PERFORMANCE - CPU使用率过高: 504.0%
2025-04-26 14:59:01 - PERFORMANCE - 切换主题: dark
2025-04-26 15:03:30 - PERFORMANCE - 左侧面板创建完成
2025-04-26 15:03:30 - PERFORMANCE - 中间面板创建完成
2025-04-26 15:03:30 - PERFORMANCE - 右侧面板创建完成
2025-04-26 15:03:30 - PERFORMANCE - 底部面板创建完成
2025-04-26 15:03:30 - PERFORMANCE - 菜单栏创建完成
2025-04-26 15:03:30 - PERFORMANCE - 工具栏初始化完成
2025-04-26 15:03:30 - PERFORMANCE - 工具栏创建完成
2025-04-26 15:03:30 - PERFORMANCE - 主题应用完成
2025-04-26 15:03:30 - PERFORMANCE - UI初始化完成
2025-04-26 15:03:30 - PERFORMANCE - 信号连接完成
2025-04-26 15:03:30 - PERFORMANCE - 主题应用完成
2025-04-26 15:03:30 - PERFORMANCE - 性能监控面板初始化完成
2025-04-26 15:03:30 - PERFORMANCE - 性能监控已启动
2025-04-26 15:03:30 - PERFORMANCE - 性能监控系统已启动
2025-04-26 15:03:30 - PERFORMANCE - 交易系统主窗口初始化完成
2025-04-26 15:03:31 - PERFORMANCE - CPU使用率过高: 228.1%
2025-04-26 15:03:31 - PERFORMANCE - CPU使用率过高: 228.1%
2025-04-26 15:03:32 - PERFORMANCE - CPU使用率过高: 208.3%
2025-04-26 15:03:32 - PERFORMANCE - CPU使用率过高: 208.3%
2025-04-26 15:03:33 - PERFORMANCE - CPU使用率过高: 312.5%
2025-04-26 15:03:33 - PERFORMANCE - CPU使用率过高: 312.5%
2025-04-26 15:03:34 - PERFORMANCE - CPU使用率过高: 208.3%
2025-04-26 15:03:34 - PERFORMANCE - CPU使用率过高: 208.3%
2025-04-26 15:03:35 - PERFORMANCE - CPU使用率过高: 416.7%
2025-04-26 15:03:35 - PERFORMANCE - CPU使用率过高: 416.7%
2025-04-26 15:03:36 - PERFORMANCE - CPU使用率过高: 151.2%
2025-04-26 15:03:36 - PERFORMANCE - CPU使用率过高: 151.2%
2025-04-26 15:03:37 - PERFORMANCE - CPU使用率过高: 252.0%
2025-04-26 15:03:37 - PERFORMANCE - CPU使用率过高: 252.0%
2025-04-26 15:03:38 - PERFORMANCE - CPU使用率过高: 252.0%
2025-04-26 15:03:38 - PERFORMANCE - CPU使用率过高: 252.0%
2025-04-26 15:03:39 - PERFORMANCE - CPU使用率过高: 403.2%
2025-04-26 15:03:39 - PERFORMANCE - CPU使用率过高: 403.2%
2025-04-26 15:03:47 - PERFORMANCE - CPU使用率过高: 99.7%
2025-04-26 15:03:47 - PERFORMANCE - CPU使用率过高: 99.7%
2025-04-26 15:03:49 - PERFORMANCE - 回测失败: 'TradingGUI' object has no attribute 'current_stock'
2025-04-26 15:03:49 - PERFORMANCE - Traceback (most recent call last):
  File "<ipython-input-1-fbc820946176>", line 3183, in backtest
    if not self.current_stock:
           ^^^^^^^^^^^^^^^^^^
AttributeError: 'TradingGUI' object has no attribute 'current_stock'

2025-04-26 15:03:49 - PERFORMANCE - 回测失败: 'TradingGUI' object has no attribute 'current_stock'
2025-04-26 15:03:56 - PERFORMANCE - 分析失败: 'TradingGUI' object has no attribute 'current_stock'
2025-04-26 15:03:56 - PERFORMANCE - Traceback (most recent call last):
  File "<ipython-input-1-fbc820946176>", line 3133, in analyze
    if not self.current_stock:
           ^^^^^^^^^^^^^^^^^^
AttributeError: 'TradingGUI' object has no attribute 'current_stock'

2025-04-26 15:03:56 - PERFORMANCE - 分析失败: 'TradingGUI' object has no attribute 'current_stock'
2025-04-26 15:04:30 - PERFORMANCE - CPU使用率过高: 89.3%
2025-04-26 15:04:30 - PERFORMANCE - CPU使用率过高: 89.3%
2025-04-26 15:04:46 - PERFORMANCE - CPU使用率过高: 92.9%
2025-04-26 15:04:47 - PERFORMANCE - CPU使用率过高: 98.9%
2025-04-26 15:04:48 - PERFORMANCE - CPU使用率过高: 90.8%
2025-04-26 15:04:49 - PERFORMANCE - CPU使用率过高: 95.0%
2025-04-26 15:04:50 - PERFORMANCE - CPU使用率过高: 98.2%
2025-04-26 15:04:51 - PERFORMANCE - CPU使用率过高: 94.5%
2025-04-26 15:04:52 - PERFORMANCE - CPU使用率过高: 96.1%
2025-04-26 15:04:53 - PERFORMANCE - CPU使用率过高: 96.4%
2025-04-26 15:04:54 - PERFORMANCE - CPU使用率过高: 96.1%
2025-04-26 15:04:55 - PERFORMANCE - CPU使用率过高: 93.9%
2025-04-26 15:04:56 - PERFORMANCE - CPU使用率过高: 99.6%
2025-04-26 15:04:57 - PERFORMANCE - CPU使用率过高: 86.5%
2025-04-26 15:07:03 - PERFORMANCE - 左侧面板创建完成
2025-04-26 15:07:03 - PERFORMANCE - 中间面板创建完成
2025-04-26 15:07:03 - PERFORMANCE - 右侧面板创建完成
2025-04-26 15:07:03 - PERFORMANCE - 底部面板创建完成
2025-04-26 15:07:03 - PERFORMANCE - 菜单栏创建完成
2025-04-26 15:07:03 - PERFORMANCE - 工具栏初始化完成
2025-04-26 15:07:03 - PERFORMANCE - 工具栏创建完成
2025-04-26 15:07:03 - PERFORMANCE - 主题应用完成
2025-04-26 15:07:03 - PERFORMANCE - UI初始化完成
2025-04-26 15:07:03 - PERFORMANCE - 信号连接完成
2025-04-26 15:07:03 - PERFORMANCE - 主题应用完成
2025-04-26 15:07:03 - PERFORMANCE - 性能监控面板初始化完成
2025-04-26 15:07:03 - PERFORMANCE - 启动性能监控系统失败: 'NoneType' object has no attribute 'start_monitoring'
2025-04-26 15:07:03 - PERFORMANCE - Traceback (most recent call last):
  File "<ipython-input-1-2a59884eb46e>", line 2562, in start_performance_monitoring
    self.performance_monitor.start_monitoring()
    ^^^^^^^^^^^^^^^^^^^^^^^^^^^^^^^^^^^^^^^^^
AttributeError: 'NoneType' object has no attribute 'start_monitoring'

2025-04-26 15:07:03 - PERFORMANCE - 交易系统主窗口初始化完成
2025-04-26 15:13:25 - PERFORMANCE - 左侧面板创建完成
2025-04-26 15:13:25 - PERFORMANCE - 中间面板创建完成
2025-04-26 15:13:25 - PERFORMANCE - 右侧面板创建完成
2025-04-26 15:13:25 - PERFORMANCE - 底部面板创建完成
2025-04-26 15:13:25 - PERFORMANCE - 菜单栏创建完成
2025-04-26 15:13:25 - PERFORMANCE - 工具栏初始化完成
2025-04-26 15:13:25 - PERFORMANCE - 工具栏创建完成
2025-04-26 15:13:25 - PERFORMANCE - 主题应用完成
2025-04-26 15:13:25 - PERFORMANCE - UI初始化完成
2025-04-26 15:13:25 - PERFORMANCE - 信号连接完成
2025-04-26 15:13:25 - PERFORMANCE - 主题应用完成
2025-04-26 15:13:25 - PERFORMANCE - 性能监控面板初始化完成
2025-04-26 15:13:25 - PERFORMANCE - 启动性能监控系统失败: 'NoneType' object has no attribute 'start_monitoring'
2025-04-26 15:13:25 - PERFORMANCE - Traceback (most recent call last):
  File "<ipython-input-1-2a59884eb46e>", line 2562, in start_performance_monitoring
    self.performance_monitor.start_monitoring()
    ^^^^^^^^^^^^^^^^^^^^^^^^^^^^^^^^^^^^^^^^^
AttributeError: 'NoneType' object has no attribute 'start_monitoring'

2025-04-26 15:13:25 - PERFORMANCE - 交易系统主窗口初始化完成
2025-04-26 15:17:43 - PERFORMANCE - 左侧面板创建完成
2025-04-26 15:17:43 - PERFORMANCE - 中间面板创建完成
2025-04-26 15:17:43 - PERFORMANCE - 右侧面板创建完成
2025-04-26 15:17:43 - PERFORMANCE - 底部面板创建完成
2025-04-26 15:17:43 - PERFORMANCE - 菜单栏创建完成
2025-04-26 15:17:43 - PERFORMANCE - 工具栏初始化完成
2025-04-26 15:17:43 - PERFORMANCE - 工具栏创建完成
2025-04-26 15:17:43 - PERFORMANCE - 初始化UI失败: 'TradingGUI' object has no attribute 'logger'
2025-04-26 15:17:43 - PERFORMANCE - Traceback (most recent call last):
  File "<ipython-input-1-1c1f7d6aea22>", line 491, in apply_theme
    theme = self.theme_manager.get_current_theme()
            ^^^^^^^^^^^^^^^^^^^^^^^^^^^^^^^^^^^^
AttributeError: 'ThemeManager' object has no attribute 'get_current_theme'

During handling of the above exception, another exception occurred:

Traceback (most recent call last):
  File "<ipython-input-1-1c1f7d6aea22>", line 330, in init_ui
    self.apply_theme()
  File "<ipython-input-1-1c1f7d6aea22>", line 500, in apply_theme
    self.logger.error(f"应用主题失败: {str(e)}")
    ^^^^^^^^^^^
AttributeError: 'TradingGUI' object has no attribute 'logger'

2025-04-26 15:17:43 - PERFORMANCE - 信号连接完成
2025-04-26 15:17:43 - PERFORMANCE - 初始化交易系统主窗口失败: 'TradingGUI' object has no attribute 'logger'
2025-04-26 15:17:43 - PERFORMANCE - Traceback (most recent call last):
  File "<ipython-input-1-1c1f7d6aea22>", line 491, in apply_theme
    theme = self.theme_manager.get_current_theme()
            ^^^^^^^^^^^^^^^^^^^^^^^^^^^^^^^^^^^^
AttributeError: 'ThemeManager' object has no attribute 'get_current_theme'

During handling of the above exception, another exception occurred:

Traceback (most recent call last):
  File "<ipython-input-1-1c1f7d6aea22>", line 115, in __init__
    self.apply_theme()
  File "<ipython-input-1-1c1f7d6aea22>", line 500, in apply_theme
    self.logger.error(f"应用主题失败: {str(e)}")
    ^^^^^^^^^^^
AttributeError: 'TradingGUI' object has no attribute 'logger'

2025-04-26 15:17:43 - PERFORMANCE - 初始化交易系统主窗口失败: 'TradingGUI' object has no attribute 'logger'
2025-04-26 15:19:46 - PERFORMANCE - 左侧面板创建完成
2025-04-26 15:19:46 - PERFORMANCE - 中间面板创建完成
2025-04-26 15:19:46 - PERFORMANCE - 右侧面板创建完成
2025-04-26 15:19:46 - PERFORMANCE - 底部面板创建完成
2025-04-26 15:19:46 - PERFORMANCE - 菜单栏创建完成
2025-04-26 15:19:46 - PERFORMANCE - 工具栏初始化完成
2025-04-26 15:19:46 - PERFORMANCE - 工具栏创建完成
2025-04-26 15:19:46 - PERFORMANCE - 主题应用完成
2025-04-26 15:19:46 - PERFORMANCE - UI初始化完成
2025-04-26 15:19:46 - PERFORMANCE - 信号连接完成
2025-04-26 15:19:46 - PERFORMANCE - 主题应用完成
2025-04-26 15:19:46 - PERFORMANCE - 性能监控面板初始化完成
2025-04-26 15:19:46 - PERFORMANCE - 启动性能监控系统失败: 'PerformanceMonitor' object has no attribute 'set_logger'
2025-04-26 15:19:46 - PERFORMANCE - Traceback (most recent call last):
  File "<ipython-input-1-9c2b2dae4fbf>", line 2560, in start_performance_monitoring
    self.performance_monitor.set_logger(self.log_manager)
    ^^^^^^^^^^^^^^^^^^^^^^^^^^^^^^^^^^^
AttributeError: 'PerformanceMonitor' object has no attribute 'set_logger'

2025-04-26 15:19:46 - PERFORMANCE - 交易系统主窗口初始化完成
2025-04-26 15:22:49 - PERFORMANCE - 左侧面板创建完成
2025-04-26 15:22:49 - PERFORMANCE - 中间面板创建完成
2025-04-26 15:22:49 - PERFORMANCE - 右侧面板创建完成
2025-04-26 15:22:49 - PERFORMANCE - 底部面板创建完成
2025-04-26 15:22:49 - PERFORMANCE - 菜单栏创建完成
2025-04-26 15:22:49 - PERFORMANCE - 工具栏初始化完成
2025-04-26 15:22:49 - PERFORMANCE - 工具栏创建完成
2025-04-26 15:22:49 - PERFORMANCE - 主题应用完成
2025-04-26 15:22:49 - PERFORMANCE - UI初始化完成
2025-04-26 15:22:49 - PERFORMANCE - 信号连接完成
2025-04-26 15:22:49 - PERFORMANCE - 主题应用完成
2025-04-26 15:22:49 - PERFORMANCE - 性能监控面板初始化完成
2025-04-26 15:22:49 - PERFORMANCE - 启动性能监控系统失败: 'LogManager' object has no attribute 'setLevel'
2025-04-26 15:22:49 - PERFORMANCE - Traceback (most recent call last):
  File "<ipython-input-1-f6486eb4f919>", line 2555, in start_performance_monitoring
    self.performance_monitor = PerformanceMonitor(
                               ^^^^^^^^^^^^^^^^^^^
  File "d:\DevelopTool\FreeCode\HIkyuu-UI\hikyuu-ui\utils\performance_monitor.py", line 39, in __init__
    self.logger.setLevel(logging.INFO)
    ^^^^^^^^^^^^^^^^^^^^
AttributeError: 'LogManager' object has no attribute 'setLevel'

2025-04-26 15:22:49 - PERFORMANCE - 交易系统主窗口初始化完成
2025-04-26 15:25:47 - PERFORMANCE - 左侧面板创建完成
2025-04-26 15:25:47 - PERFORMANCE - 中间面板创建完成
2025-04-26 15:25:47 - PERFORMANCE - 右侧面板创建完成
2025-04-26 15:25:47 - PERFORMANCE - 底部面板创建完成
2025-04-26 15:25:47 - PERFORMANCE - 菜单栏创建完成
2025-04-26 15:25:47 - PERFORMANCE - 工具栏初始化完成
2025-04-26 15:25:47 - PERFORMANCE - 工具栏创建完成
2025-04-26 15:25:48 - PERFORMANCE - 主题应用完成
2025-04-26 15:25:48 - PERFORMANCE - UI初始化完成
2025-04-26 15:25:48 - PERFORMANCE - 信号连接完成
2025-04-26 15:25:48 - PERFORMANCE - 主题应用完成
2025-04-26 15:25:48 - PERFORMANCE - 性能监控面板初始化完成
2025-04-26 15:25:48 - PERFORMANCE - 启动性能监控系统失败: 'LogManager' object has no attribute 'setLevel'
2025-04-26 15:25:48 - PERFORMANCE - Traceback (most recent call last):
  File "<ipython-input-1-f6486eb4f919>", line 2555, in start_performance_monitoring
    self.performance_monitor = PerformanceMonitor(
                               ^^^^^^^^^^^^^^^^^^^
  File "d:\DevelopTool\FreeCode\HIkyuu-UI\hikyuu-ui\utils\performance_monitor.py", line 39, in __init__
    self.logger.setLevel(logging.INFO)
    ^^^^^^^^^^^^^^^^^^^^
AttributeError: 'LogManager' object has no attribute 'setLevel'

2025-04-26 15:25:48 - PERFORMANCE - 交易系统主窗口初始化完成
2025-04-26 15:28:11 - PERFORMANCE - 左侧面板创建完成
2025-04-26 15:28:11 - PERFORMANCE - 中间面板创建完成
2025-04-26 15:28:11 - PERFORMANCE - 右侧面板创建完成
2025-04-26 15:28:11 - PERFORMANCE - 底部面板创建完成
2025-04-26 15:28:11 - PERFORMANCE - 菜单栏创建完成
2025-04-26 15:28:11 - PERFORMANCE - 工具栏初始化完成
2025-04-26 15:28:11 - PERFORMANCE - 工具栏创建完成
2025-04-26 15:28:11 - PERFORMANCE - 主题应用完成
2025-04-26 15:28:11 - PERFORMANCE - UI初始化完成
2025-04-26 15:28:11 - PERFORMANCE - 信号连接完成
2025-04-26 15:28:11 - PERFORMANCE - 主题应用完成
2025-04-26 15:28:11 - PERFORMANCE - 性能监控面板初始化完成
2025-04-26 15:28:11 - PERFORMANCE - 性能监控器初始化
2025-04-26 15:28:11 - PERFORMANCE - 交易系统主窗口初始化完成
2025-04-26 15:35:06 - PERFORMANCE - 初始化日志管理器完成
2025-04-26 15:35:06 - PERFORMANCE - 初始化配置管理器完成
2025-04-26 15:35:06 - PERFORMANCE - 初始化主题管理器完成
2025-04-26 15:35:06 - PERFORMANCE - 初始化性能监控失败: 'ConfigManager' object has no attribute 'get_performance_config'
2025-04-26 15:35:06 - PERFORMANCE - 左侧面板创建完成
2025-04-26 15:35:06 - PERFORMANCE - 中间面板创建完成
2025-04-26 15:35:06 - PERFORMANCE - 右侧面板创建完成
2025-04-26 15:35:06 - PERFORMANCE - 底部面板创建完成
2025-04-26 15:35:06 - PERFORMANCE - 菜单栏创建完成
2025-04-26 15:35:06 - PERFORMANCE - 工具栏初始化完成
2025-04-26 15:35:06 - PERFORMANCE - 工具栏创建完成
2025-04-26 15:35:06 - PERFORMANCE - 主题应用完成
2025-04-26 15:35:06 - PERFORMANCE - UI初始化完成
2025-04-26 15:35:06 - PERFORMANCE - 信号连接完成
2025-04-26 15:35:06 - PERFORMANCE - 主题应用完成
2025-04-26 15:35:07 - PERFORMANCE - 性能监控面板初始化完成
2025-04-26 15:35:07 - PERFORMANCE - 性能监控未初始化，尝试重新初始化
2025-04-26 15:35:07 - PERFORMANCE - 启动性能监控失败: 'ConfigManager' object has no attribute 'get_performance_config'
2025-04-26 15:35:07 - PERFORMANCE - Traceback (most recent call last):
  File "<ipython-input-1-c0a98234ddc5>", line 2557, in start_performance_monitoring
    perf_config = self.config_manager.get_performance_config()
                  ^^^^^^^^^^^^^^^^^^^^^^^^^^^^^^^^^^^^^^^^^^
AttributeError: 'ConfigManager' object has no attribute 'get_performance_config'

2025-04-26 15:35:07 - PERFORMANCE - 交易系统主窗口初始化完成
2025-04-26 15:35:18 - PERFORMANCE - 显示设置对话框
2025-04-26 15:35:21 - PERFORMANCE - 显示设置对话框
2025-04-26 15:35:25 - PERFORMANCE - 显示设置对话框
2025-04-26 15:35:27 - PERFORMANCE - 重置图表缩放失败: 'NoneType' object has no attribute 'reset_zoom'
2025-04-26 15:35:30 - PERFORMANCE - 放大图表失败: 'NoneType' object has no attribute 'zoom_in'
2025-04-26 15:35:33 - PERFORMANCE - 缩小图表失败: 'NoneType' object has no attribute 'zoom_out'
2025-04-26 15:35:43 - PERFORMANCE - 开始参数优化...
2025-04-26 15:35:43 - PERFORMANCE - 参数优化完成
2025-04-26 15:35:46 - PERFORMANCE - 请先选择股票
2025-04-26 15:35:48 - PERFORMANCE - 请先选择股票
2025-04-26 15:35:58 - PERFORMANCE - 显示设置对话框
2025-04-26 15:38:48 - PERFORMANCE - 初始化日志管理器完成
2025-04-26 15:38:48 - PERFORMANCE - 初始化配置管理器完成
2025-04-26 15:38:48 - PERFORMANCE - 初始化主题管理器完成
2025-04-26 15:38:48 - PERFORMANCE - 初始化性能监控失败: 'ConfigManager' object has no attribute 'get_performance_config'
2025-04-26 15:38:49 - PERFORMANCE - 左侧面板创建完成
2025-04-26 15:38:49 - PERFORMANCE - 中间面板创建完成
2025-04-26 15:38:49 - PERFORMANCE - 右侧面板创建完成
2025-04-26 15:38:49 - PERFORMANCE - 底部面板创建完成
2025-04-26 15:38:49 - PERFORMANCE - 菜单栏创建完成
2025-04-26 15:38:49 - PERFORMANCE - 工具栏初始化完成
2025-04-26 15:38:49 - PERFORMANCE - 工具栏创建完成
2025-04-26 15:38:49 - PERFORMANCE - UI初始化完成
2025-04-26 15:38:49 - PERFORMANCE - 主题应用完成
2025-04-26 15:38:49 - PERFORMANCE - 信号连接完成
2025-04-26 15:38:49 - PERFORMANCE - 主题应用完成
2025-04-26 15:38:49 - PERFORMANCE - 性能监控面板初始化完成
2025-04-26 15:38:49 - PERFORMANCE - 性能监控未初始化，尝试重新初始化
2025-04-26 15:38:50 - PERFORMANCE - 性能监控启动成功
2025-04-26 15:38:50 - PERFORMANCE - 性能监控启动成功
2025-04-26 15:38:50 - PERFORMANCE - 交易系统主窗口初始化完成
2025-04-26 15:39:19 - PERFORMANCE - 过滤股票列表失败: 'TradingGUI' object has no attribute 'thread_pool'
2025-04-26 15:45:32 - PERFORMANCE - 初始化日志管理器完成
2025-04-26 15:45:32 - PERFORMANCE - 初始化配置管理器完成
2025-04-26 15:45:32 - PERFORMANCE - 初始化主题管理器完成
2025-04-26 15:45:32 - PERFORMANCE - 初始化性能监控失败: 'ConfigManager' object has no attribute 'get_performance_config'
2025-04-26 15:45:32 - PERFORMANCE - 左侧面板创建完成
2025-04-26 15:45:32 - PERFORMANCE - 中间面板创建完成
2025-04-26 15:45:32 - PERFORMANCE - 右侧面板创建完成
2025-04-26 15:45:32 - PERFORMANCE - 底部面板创建完成
2025-04-26 15:45:32 - PERFORMANCE - 菜单栏创建完成
2025-04-26 15:45:32 - PERFORMANCE - 工具栏初始化完成
2025-04-26 15:45:32 - PERFORMANCE - 工具栏创建完成
2025-04-26 15:45:32 - PERFORMANCE - 主题应用完成
2025-04-26 15:45:32 - PERFORMANCE - UI初始化完成
2025-04-26 15:45:32 - PERFORMANCE - 信号连接完成
2025-04-26 15:45:32 - PERFORMANCE - 主题应用完成
2025-04-26 15:45:32 - PERFORMANCE - 性能监控面板初始化完成
2025-04-26 15:45:32 - PERFORMANCE - 性能监控未初始化，尝试重新初始化
2025-04-26 15:45:33 - PERFORMANCE - 性能监控启动成功
2025-04-26 15:45:33 - PERFORMANCE - 性能监控启动成功
2025-04-26 15:45:33 - PERFORMANCE - 程序启动失败: name 'QThreadPool' is not defined
2025-04-26 15:45:33 - PERFORMANCE - Traceback (most recent call last):
  File "<ipython-input-1-2a408435850f>", line 3528, in main
    window = TradingGUI()
             ^^^^^^^^^^^^
  File "<ipython-input-1-2a408435850f>", line 141, in __init__
    self.thread_pool = QThreadPool()  # 保证线程池始终可用
                       ^^^^^^^^^^^
NameError: name 'QThreadPool' is not defined

2025-04-26 15:45:33 - PERFORMANCE - 交易系统主窗口初始化完成
2025-04-26 15:48:58 - PERFORMANCE - 初始化日志管理器完成
2025-04-26 15:48:58 - PERFORMANCE - 初始化配置管理器完成
2025-04-26 15:48:58 - PERFORMANCE - 初始化主题管理器完成
2025-04-26 15:48:58 - PERFORMANCE - 初始化性能监控失败: 'ConfigManager' object has no attribute 'get_performance_config'
2025-04-26 15:48:58 - PERFORMANCE - 左侧面板创建完成
2025-04-26 15:48:58 - PERFORMANCE - 中间面板创建完成
2025-04-26 15:48:58 - PERFORMANCE - 右侧面板创建完成
2025-04-26 15:48:58 - PERFORMANCE - 底部面板创建完成
2025-04-26 15:48:58 - PERFORMANCE - 菜单栏创建完成
2025-04-26 15:48:58 - PERFORMANCE - 工具栏初始化完成
2025-04-26 15:48:58 - PERFORMANCE - 工具栏创建完成
2025-04-26 15:48:58 - PERFORMANCE - 主题应用完成
2025-04-26 15:48:58 - PERFORMANCE - UI初始化完成
2025-04-26 15:48:58 - PERFORMANCE - 信号连接完成
2025-04-26 15:48:58 - PERFORMANCE - 主题应用完成
2025-04-26 15:48:58 - PERFORMANCE - 性能监控面板初始化完成
2025-04-26 15:48:58 - PERFORMANCE - 性能监控未初始化，尝试重新初始化
2025-04-26 15:48:59 - PERFORMANCE - 性能监控启动成功
2025-04-26 15:48:59 - PERFORMANCE - 性能监控启动成功
2025-04-26 15:48:59 - PERFORMANCE - 交易系统主窗口初始化完成
2025-04-26 15:49:07 - PERFORMANCE - 过滤股票列表失败: cannot create weak reference to 'list' object
2025-04-26 15:52:05 - PERFORMANCE - 初始化日志管理器完成
2025-04-26 15:52:05 - PERFORMANCE - 初始化配置管理器完成
2025-04-26 15:52:05 - PERFORMANCE - 初始化主题管理器完成
2025-04-26 15:52:05 - PERFORMANCE - 初始化性能监控完成
2025-04-26 15:52:05 - PERFORMANCE - 左侧面板创建完成
2025-04-26 15:52:05 - PERFORMANCE - 中间面板创建完成
2025-04-26 15:52:05 - PERFORMANCE - 右侧面板创建完成
2025-04-26 15:52:05 - PERFORMANCE - 底部面板创建完成
2025-04-26 15:52:05 - PERFORMANCE - 菜单栏创建完成
2025-04-26 15:52:05 - PERFORMANCE - 工具栏初始化完成
2025-04-26 15:52:05 - PERFORMANCE - 工具栏创建完成
2025-04-26 15:52:05 - PERFORMANCE - 主题应用完成
2025-04-26 15:52:05 - PERFORMANCE - UI初始化完成
2025-04-26 15:52:05 - PERFORMANCE - 信号连接完成
2025-04-26 15:52:05 - PERFORMANCE - 主题应用完成
2025-04-26 15:52:05 - PERFORMANCE - 性能监控面板初始化完成
2025-04-26 15:52:06 - PERFORMANCE - 性能监控启动成功
2025-04-26 15:52:07 - PERFORMANCE - 性能监控启动成功
2025-04-26 15:52:07 - PERFORMANCE - 交易系统主窗口初始化完成
2025-04-26 15:52:11 - PERFORMANCE - 已过滤股票列表，显示 0 只股票
2025-04-26 15:52:14 - PERFORMANCE - 已过滤股票列表，显示 0 只股票
2025-04-26 15:52:20 - PERFORMANCE - 已过滤股票列表，显示 0 只股票
2025-04-26 15:52:23 - PERFORMANCE - 已过滤股票列表，显示 0 只股票
2025-04-26 15:52:23 - PERFORMANCE - 已过滤股票列表，显示 0 只股票
2025-04-26 15:52:24 - PERFORMANCE - 已过滤股票列表，显示 0 只股票
2025-04-26 15:52:24 - PERFORMANCE - 已过滤股票列表，显示 0 只股票
2025-04-26 15:52:26 - PERFORMANCE - 已过滤股票列表，显示 0 只股票
2025-04-26 15:52:27 - PERFORMANCE - 已过滤股票列表，显示 0 只股票
2025-04-26 15:52:27 - PERFORMANCE - 已过滤股票列表，显示 0 只股票
2025-04-26 15:52:28 - PERFORMANCE - 已过滤股票列表，显示 0 只股票
2025-04-26 15:52:28 - PERFORMANCE - 已过滤股票列表，显示 0 只股票
2025-04-26 15:52:28 - PERFORMANCE - 已过滤股票列表，显示 0 只股票
2025-04-26 16:29:01 - PERFORMANCE - 初始化日志管理器完成
2025-04-26 16:29:01 - PERFORMANCE - 初始化配置管理器完成
2025-04-26 16:29:01 - PERFORMANCE - 初始化主题管理器完成
2025-04-26 16:29:01 - PERFORMANCE - 初始化性能监控完成
2025-04-26 16:29:02 - PERFORMANCE - 左侧面板创建完成
2025-04-26 16:29:02 - PERFORMANCE - 创建中间面板失败: name 'QTabWidget' is not defined
2025-04-26 16:29:02 - PERFORMANCE - Traceback (most recent call last):
  File "<ipython-input-1-45d979c21b79>", line 809, in create_middle_panel
    self.chart_tabs = QTabWidget()
                      ^^^^^^^^^^
NameError: name 'QTabWidget' is not defined

2025-04-26 16:29:02 - PERFORMANCE - 初始化UI失败: name 'QTabWidget' is not defined
2025-04-26 16:29:02 - PERFORMANCE - Traceback (most recent call last):
  File "<ipython-input-1-45d979c21b79>", line 340, in init_ui
    self.create_middle_panel()
  File "<ipython-input-1-45d979c21b79>", line 809, in create_middle_panel
    self.chart_tabs = QTabWidget()
                      ^^^^^^^^^^
NameError: name 'QTabWidget' is not defined

2025-04-26 16:29:02 - PERFORMANCE - 信号连接完成
2025-04-26 16:29:02 - PERFORMANCE - 主题应用完成
2025-04-26 16:29:02 - PERFORMANCE - 初始化性能监控面板失败: 'TradingGUI' object has no attribute 'right_panel'
2025-04-26 16:29:03 - PERFORMANCE - 性能监控启动成功
2025-04-26 16:29:03 - PERFORMANCE - 性能监控启动成功
2025-04-26 16:29:03 - PERFORMANCE - 交易系统主窗口初始化完成
2025-04-26 16:29:35 - PERFORMANCE - 初始化日志管理器完成
2025-04-26 16:29:35 - PERFORMANCE - 初始化配置管理器完成
2025-04-26 16:29:35 - PERFORMANCE - 初始化主题管理器完成
2025-04-26 16:29:35 - PERFORMANCE - 初始化性能监控完成
2025-04-26 16:29:35 - PERFORMANCE - 左侧面板创建完成
2025-04-26 16:29:35 - PERFORMANCE - 中间面板创建完成
2025-04-26 16:29:35 - PERFORMANCE - 创建右侧面板失败: name 'QDoubleSpinBox' is not defined
2025-04-26 16:29:35 - PERFORMANCE - Traceback (most recent call last):
  File "<ipython-input-1-5a49599d89a9>", line 989, in create_right_panel
    self.initial_capital = QDoubleSpinBox()
                           ^^^^^^^^^^^^^^
NameError: name 'QDoubleSpinBox' is not defined

2025-04-26 16:29:35 - PERFORMANCE - 初始化UI失败: name 'QDoubleSpinBox' is not defined
2025-04-26 16:29:35 - PERFORMANCE - Traceback (most recent call last):
  File "<ipython-input-1-5a49599d89a9>", line 341, in init_ui
    self.create_right_panel()
  File "<ipython-input-1-5a49599d89a9>", line 989, in create_right_panel
    self.initial_capital = QDoubleSpinBox()
                           ^^^^^^^^^^^^^^
NameError: name 'QDoubleSpinBox' is not defined

2025-04-26 16:29:35 - PERFORMANCE - 信号连接完成
2025-04-26 16:29:35 - PERFORMANCE - 主题应用完成
2025-04-26 16:29:35 - PERFORMANCE - 性能监控面板初始化完成
2025-04-26 16:29:36 - PERFORMANCE - 性能监控启动成功
2025-04-26 16:29:36 - PERFORMANCE - 性能监控启动成功
2025-04-26 16:29:36 - PERFORMANCE - 交易系统主窗口初始化完成
2025-04-26 16:30:08 - PERFORMANCE - 初始化日志管理器完成
2025-04-26 16:30:08 - PERFORMANCE - 初始化配置管理器完成
2025-04-26 16:30:08 - PERFORMANCE - 初始化主题管理器完成
2025-04-26 16:30:08 - PERFORMANCE - 初始化性能监控完成
2025-04-26 16:30:08 - PERFORMANCE - 左侧面板创建完成
2025-04-26 16:30:08 - PERFORMANCE - 中间面板创建完成
2025-04-26 16:30:08 - PERFORMANCE - 创建右侧面板失败: name 'QDate' is not defined
2025-04-26 16:30:08 - PERFORMANCE - Traceback (most recent call last):
  File "<ipython-input-1-e2302c4ec203>", line 1013, in create_right_panel
    self.start_date.setDate(QDate.currentDate().addYears(-1))
                            ^^^^^
NameError: name 'QDate' is not defined

2025-04-26 16:30:08 - PERFORMANCE - 初始化UI失败: name 'QDate' is not defined
2025-04-26 16:30:08 - PERFORMANCE - Traceback (most recent call last):
  File "<ipython-input-1-e2302c4ec203>", line 339, in init_ui
    self.create_right_panel()
  File "<ipython-input-1-e2302c4ec203>", line 1013, in create_right_panel
    self.start_date.setDate(QDate.currentDate().addYears(-1))
                            ^^^^^
NameError: name 'QDate' is not defined

2025-04-26 16:30:08 - PERFORMANCE - 信号连接完成
2025-04-26 16:30:08 - PERFORMANCE - 主题应用完成
2025-04-26 16:30:08 - PERFORMANCE - 性能监控面板初始化完成
2025-04-26 16:30:09 - PERFORMANCE - 性能监控启动成功
2025-04-26 16:30:09 - PERFORMANCE - 性能监控启动成功
2025-04-26 16:30:09 - PERFORMANCE - 交易系统主窗口初始化完成
2025-04-26 16:31:43 - PERFORMANCE - 初始化日志管理器完成
2025-04-26 16:31:43 - PERFORMANCE - 初始化配置管理器完成
2025-04-26 16:31:43 - PERFORMANCE - 初始化主题管理器完成
2025-04-26 16:31:43 - PERFORMANCE - 初始化性能监控完成
2025-04-26 16:31:43 - PERFORMANCE - 左侧面板创建完成
2025-04-26 16:31:43 - PERFORMANCE - 中间面板创建完成
2025-04-26 16:31:43 - PERFORMANCE - 右侧面板创建完成
2025-04-26 16:31:43 - PERFORMANCE - 底部面板创建完成
2025-04-26 16:31:43 - PERFORMANCE - 菜单栏创建完成
2025-04-26 16:31:43 - PERFORMANCE - 工具栏初始化完成
2025-04-26 16:31:43 - PERFORMANCE - 工具栏创建完成
2025-04-26 16:31:43 - PERFORMANCE - 主题应用完成
2025-04-26 16:31:43 - PERFORMANCE - UI初始化完成
2025-04-26 16:31:43 - PERFORMANCE - 信号连接完成
2025-04-26 16:31:43 - PERFORMANCE - 主题应用完成
2025-04-26 16:31:43 - PERFORMANCE - 性能监控面板初始化完成
2025-04-26 16:31:44 - PERFORMANCE - 性能监控启动成功
2025-04-26 16:31:44 - PERFORMANCE - 性能监控启动成功
2025-04-26 16:31:44 - PERFORMANCE - 交易系统主窗口初始化完成
2025-04-26 16:32:18 - PERFORMANCE - 初始化日志管理器完成
2025-04-26 16:32:18 - PERFORMANCE - 初始化配置管理器完成
2025-04-26 16:32:18 - PERFORMANCE - 初始化主题管理器完成
2025-04-26 16:32:18 - PERFORMANCE - 初始化性能监控完成
2025-04-26 16:32:18 - PERFORMANCE - 左侧面板创建完成
2025-04-26 16:32:18 - PERFORMANCE - 中间面板创建完成
2025-04-26 16:32:18 - PERFORMANCE - 右侧面板创建完成
2025-04-26 16:32:18 - PERFORMANCE - 底部面板创建完成
2025-04-26 16:32:18 - PERFORMANCE - 菜单栏创建完成
2025-04-26 16:32:18 - PERFORMANCE - 工具栏初始化完成
2025-04-26 16:32:18 - PERFORMANCE - 工具栏创建完成
2025-04-26 16:32:18 - PERFORMANCE - 主题应用完成
2025-04-26 16:32:18 - PERFORMANCE - UI初始化完成
2025-04-26 16:32:18 - PERFORMANCE - 信号连接完成
2025-04-26 16:32:18 - PERFORMANCE - 主题应用完成
2025-04-26 16:32:18 - PERFORMANCE - 性能监控面板初始化完成
2025-04-26 16:32:19 - PERFORMANCE - 性能监控启动成功
2025-04-26 16:32:19 - PERFORMANCE - 性能监控启动成功
2025-04-26 16:32:20 - PERFORMANCE - 交易系统主窗口初始化完成
2025-04-26 16:39:12 - PERFORMANCE - 初始化日志管理器完成
2025-04-26 16:39:12 - PERFORMANCE - 初始化配置管理器完成
2025-04-26 16:39:12 - PERFORMANCE - 初始化主题管理器完成
2025-04-26 16:39:12 - PERFORMANCE - 初始化性能监控完成
2025-04-26 16:39:12 - PERFORMANCE - 左侧面板创建完成
2025-04-26 16:39:12 - PERFORMANCE - 中间面板创建完成
2025-04-26 16:39:12 - PERFORMANCE - 右侧面板创建完成
2025-04-26 16:39:12 - PERFORMANCE - 底部面板创建完成
2025-04-26 16:39:12 - PERFORMANCE - 菜单栏创建完成
2025-04-26 16:39:12 - PERFORMANCE - 工具栏初始化完成
2025-04-26 16:39:12 - PERFORMANCE - 工具栏创建完成
2025-04-26 16:39:13 - PERFORMANCE - 主题应用完成
2025-04-26 16:39:13 - PERFORMANCE - UI初始化完成
2025-04-26 16:39:13 - PERFORMANCE - 信号连接完成
2025-04-26 16:39:13 - PERFORMANCE - 主题应用完成
2025-04-26 16:39:13 - PERFORMANCE - 性能监控面板初始化完成
2025-04-26 16:39:14 - PERFORMANCE - 性能监控启动成功
2025-04-26 16:39:14 - PERFORMANCE - 性能监控启动成功
2025-04-26 16:39:14 - PERFORMANCE - 交易系统主窗口初始化完成
2025-04-26 16:40:26 - PERFORMANCE - 已过滤股票列表，显示 0 只股票
2025-04-26 16:40:31 - PERFORMANCE - 已过滤股票列表，显示 0 只股票
2025-04-26 16:40:32 - PERFORMANCE - 已过滤股票列表，显示 0 只股票
2025-04-26 16:40:32 - PERFORMANCE - 已过滤股票列表，显示 0 只股票
2025-04-26 16:40:32 - PERFORMANCE - 已过滤股票列表，显示 0 只股票
2025-04-26 16:40:33 - PERFORMANCE - 已过滤股票列表，显示 0 只股票
2025-04-26 16:40:33 - PERFORMANCE - 已过滤股票列表，显示 0 只股票
2025-04-26 16:40:34 - PERFORMANCE - 已过滤股票列表，显示 0 只股票
2025-04-26 16:45:03 - PERFORMANCE - 初始化日志管理器完成
2025-04-26 16:45:03 - PERFORMANCE - 初始化配置管理器完成
2025-04-26 16:45:03 - PERFORMANCE - 初始化主题管理器完成
2025-04-26 16:45:03 - PERFORMANCE - 初始化性能监控完成
2025-04-26 16:45:03 - PERFORMANCE - 左侧面板创建完成
2025-04-26 16:45:03 - PERFORMANCE - 中间面板创建完成
2025-04-26 16:45:03 - PERFORMANCE - 右侧面板创建完成
2025-04-26 16:45:03 - PERFORMANCE - 底部面板创建完成
2025-04-26 16:45:03 - PERFORMANCE - 菜单栏创建完成
2025-04-26 16:45:03 - PERFORMANCE - 工具栏初始化完成
2025-04-26 16:45:03 - PERFORMANCE - 工具栏创建完成
2025-04-26 16:45:04 - PERFORMANCE - 主题应用完成
2025-04-26 16:45:04 - PERFORMANCE - UI初始化完成
2025-04-26 16:45:04 - PERFORMANCE - 信号连接完成
2025-04-26 16:45:05 - PERFORMANCE - 主题应用完成
2025-04-26 16:45:05 - PERFORMANCE - 性能监控面板初始化完成
2025-04-26 16:45:06 - PERFORMANCE - 性能监控启动成功
2025-04-26 16:45:06 - PERFORMANCE - 性能监控启动成功
2025-04-26 16:45:06 - PERFORMANCE - 交易系统主窗口初始化完成
2025-04-26 16:57:17 - PERFORMANCE - 初始化日志管理器完成
2025-04-26 16:57:17 - PERFORMANCE - 初始化配置管理器完成
2025-04-26 16:57:17 - PERFORMANCE - 初始化主题管理器完成
2025-04-26 16:57:17 - PERFORMANCE - 初始化性能监控完成
2025-04-26 16:57:17 - PERFORMANCE - 左侧面板创建完成
2025-04-26 16:57:17 - PERFORMANCE - 中间面板创建完成
2025-04-26 16:57:17 - PERFORMANCE - 右侧面板创建完成
2025-04-26 16:57:17 - PERFORMANCE - 底部面板创建完成
2025-04-26 16:57:17 - PERFORMANCE - 菜单栏创建完成
2025-04-26 16:57:17 - PERFORMANCE - 工具栏初始化完成
2025-04-26 16:57:17 - PERFORMANCE - 工具栏创建完成
2025-04-26 16:57:18 - PERFORMANCE - 主题应用完成
2025-04-26 16:57:18 - PERFORMANCE - UI初始化完成
2025-04-26 16:57:18 - PERFORMANCE - 信号连接完成
2025-04-26 16:57:19 - PERFORMANCE - 主题应用完成
2025-04-26 16:57:19 - PERFORMANCE - 性能监控面板初始化完成
2025-04-26 16:57:20 - PERFORMANCE - 性能监控启动成功
2025-04-26 16:57:20 - PERFORMANCE - 性能监控启动成功
2025-04-26 16:57:20 - PERFORMANCE - 交易系统主窗口初始化完成
2025-04-26 17:02:57 - PERFORMANCE - 初始化日志管理器完成
2025-04-26 17:02:57 - PERFORMANCE - 初始化配置管理器完成
2025-04-26 17:02:57 - PERFORMANCE - 初始化主题管理器完成
2025-04-26 17:02:57 - PERFORMANCE - 初始化性能监控完成
2025-04-26 17:02:58 - PERFORMANCE - 左侧面板创建完成
2025-04-26 17:02:58 - PERFORMANCE - 中间面板创建完成
2025-04-26 17:02:58 - PERFORMANCE - 右侧面板创建完成
2025-04-26 17:02:58 - PERFORMANCE - 底部面板创建完成
2025-04-26 17:02:58 - PERFORMANCE - 菜单栏创建完成
2025-04-26 17:02:58 - PERFORMANCE - 工具栏初始化完成
2025-04-26 17:02:58 - PERFORMANCE - 工具栏创建完成
2025-04-26 17:02:58 - PERFORMANCE - 主题应用完成
2025-04-26 17:02:58 - PERFORMANCE - UI初始化完成
2025-04-26 17:02:58 - PERFORMANCE - 信号连接完成
2025-04-26 17:02:59 - PERFORMANCE - 主题应用完成
2025-04-26 17:02:59 - PERFORMANCE - 性能监控面板初始化完成
2025-04-26 17:03:00 - PERFORMANCE - 性能监控启动成功
2025-04-26 17:03:00 - PERFORMANCE - 性能监控启动成功
2025-04-26 17:03:00 - PERFORMANCE - 交易系统主窗口初始化完成
2025-04-26 17:04:25 - PERFORMANCE - 请先选择股票
2025-04-26 17:12:28 - PERFORMANCE - 初始化日志管理器完成
2025-04-26 17:12:28 - PERFORMANCE - 初始化配置管理器完成
2025-04-26 17:12:28 - PERFORMANCE - 初始化主题管理器完成
2025-04-26 17:12:28 - PERFORMANCE - 初始化性能监控完成
2025-04-26 17:12:28 - PERFORMANCE - 左侧面板创建完成
2025-04-26 17:12:28 - PERFORMANCE - 中间面板创建完成
2025-04-26 17:12:28 - PERFORMANCE - 右侧面板创建完成
2025-04-26 17:12:28 - PERFORMANCE - 底部面板创建完成
2025-04-26 17:12:28 - PERFORMANCE - 菜单栏创建完成
2025-04-26 17:12:28 - PERFORMANCE - 工具栏初始化完成
2025-04-26 17:12:28 - PERFORMANCE - 工具栏创建完成
2025-04-26 17:12:29 - PERFORMANCE - 主题应用完成
2025-04-26 17:12:29 - PERFORMANCE - UI初始化完成
2025-04-26 17:12:29 - PERFORMANCE - 信号连接完成
2025-04-26 17:12:29 - PERFORMANCE - 主题应用完成
2025-04-26 17:12:29 - PERFORMANCE - 性能监控面板初始化完成
2025-04-26 17:12:30 - PERFORMANCE - 性能监控启动成功
2025-04-26 17:12:30 - PERFORMANCE - 性能监控启动成功
2025-04-26 17:12:30 - PERFORMANCE - 交易系统主窗口初始化完成
2025-04-26 17:14:18 - PERFORMANCE - 初始化日志管理器完成
2025-04-26 17:14:18 - PERFORMANCE - 初始化配置管理器完成
2025-04-26 17:14:18 - PERFORMANCE - 初始化主题管理器完成
2025-04-26 17:14:18 - PERFORMANCE - 初始化性能监控完成
2025-04-26 17:14:19 - PERFORMANCE - 左侧面板创建完成
2025-04-26 17:14:19 - PERFORMANCE - 中间面板创建完成
2025-04-26 17:14:19 - PERFORMANCE - 右侧面板创建完成
2025-04-26 17:14:19 - PERFORMANCE - 底部面板创建完成
2025-04-26 17:14:19 - PERFORMANCE - 菜单栏创建完成
2025-04-26 17:14:19 - PERFORMANCE - 工具栏初始化完成
2025-04-26 17:14:19 - PERFORMANCE - 工具栏创建完成
2025-04-26 17:14:19 - PERFORMANCE - 主题应用完成
2025-04-26 17:14:19 - PERFORMANCE - UI初始化完成
2025-04-26 17:14:19 - PERFORMANCE - 信号连接完成
2025-04-26 17:14:20 - PERFORMANCE - 主题应用完成
2025-04-26 17:14:20 - PERFORMANCE - 性能监控面板初始化完成
2025-04-26 17:14:21 - PERFORMANCE - 性能监控启动成功
2025-04-26 17:14:21 - PERFORMANCE - 性能监控启动成功
2025-04-26 17:14:21 - PERFORMANCE - 交易系统主窗口初始化完成
2025-04-26 17:14:44 - PERFORMANCE - 已过滤股票列表，显示 0 只股票
2025-04-26 17:17:32 - PERFORMANCE - 初始化日志管理器完成
2025-04-26 17:17:32 - PERFORMANCE - 初始化配置管理器完成
2025-04-26 17:17:32 - PERFORMANCE - 初始化主题管理器完成
2025-04-26 17:17:32 - PERFORMANCE - 初始化性能监控完成
2025-04-26 17:17:33 - PERFORMANCE - 左侧面板创建完成
2025-04-26 17:17:33 - PERFORMANCE - 中间面板创建完成
2025-04-26 17:17:33 - PERFORMANCE - 右侧面板创建完成
2025-04-26 17:17:33 - PERFORMANCE - 底部面板创建完成
2025-04-26 17:17:33 - PERFORMANCE - 菜单栏创建完成
2025-04-26 17:17:33 - PERFORMANCE - 工具栏初始化完成
2025-04-26 17:17:33 - PERFORMANCE - 工具栏创建完成
2025-04-26 17:17:33 - PERFORMANCE - 主题应用完成
2025-04-26 17:17:33 - PERFORMANCE - UI初始化完成
2025-04-26 17:17:33 - PERFORMANCE - 信号连接完成
2025-04-26 17:17:34 - PERFORMANCE - 主题应用完成
2025-04-26 17:17:34 - PERFORMANCE - 性能监控面板初始化完成
2025-04-26 17:17:35 - PERFORMANCE - 性能监控启动成功
2025-04-26 17:17:35 - PERFORMANCE - 性能监控启动成功
2025-04-26 17:17:35 - PERFORMANCE - 交易系统主窗口初始化完成
2025-04-26 17:17:58 - PERFORMANCE - 初始化日志管理器完成
2025-04-26 17:17:58 - PERFORMANCE - 初始化配置管理器完成
2025-04-26 17:17:58 - PERFORMANCE - 初始化主题管理器完成
2025-04-26 17:17:58 - PERFORMANCE - 初始化性能监控完成
2025-04-26 17:17:58 - PERFORMANCE - 左侧面板创建完成
2025-04-26 17:17:58 - PERFORMANCE - 中间面板创建完成
2025-04-26 17:17:58 - PERFORMANCE - 右侧面板创建完成
2025-04-26 17:17:58 - PERFORMANCE - 底部面板创建完成
2025-04-26 17:17:58 - PERFORMANCE - 菜单栏创建完成
2025-04-26 17:17:58 - PERFORMANCE - 工具栏初始化完成
2025-04-26 17:17:58 - PERFORMANCE - 工具栏创建完成
2025-04-26 17:17:59 - PERFORMANCE - 主题应用完成
2025-04-26 17:17:59 - PERFORMANCE - UI初始化完成
2025-04-26 17:17:59 - PERFORMANCE - 信号连接完成
2025-04-26 17:17:59 - PERFORMANCE - 主题应用完成
2025-04-26 17:17:59 - PERFORMANCE - 性能监控面板初始化完成
2025-04-26 17:18:00 - PERFORMANCE - 性能监控启动成功
2025-04-26 17:18:00 - PERFORMANCE - 性能监控启动成功
2025-04-26 17:18:01 - PERFORMANCE - 交易系统主窗口初始化完成
2025-04-26 17:19:03 - PERFORMANCE - 请先选择一只股票
2025-04-26 17:25:58 - PERFORMANCE - 初始化日志管理器完成
2025-04-26 17:25:58 - PERFORMANCE - 初始化配置管理器完成
2025-04-26 17:25:58 - PERFORMANCE - 初始化主题管理器完成
2025-04-26 17:25:58 - PERFORMANCE - 初始化性能监控完成
2025-04-26 17:25:58 - PERFORMANCE - 左侧面板创建完成
2025-04-26 17:25:58 - PERFORMANCE - 中间面板创建完成
2025-04-26 17:25:58 - PERFORMANCE - 右侧面板创建完成
2025-04-26 17:25:58 - PERFORMANCE - 底部面板创建完成
2025-04-26 17:25:58 - PERFORMANCE - 菜单栏创建完成
2025-04-26 17:25:58 - PERFORMANCE - 工具栏初始化完成
2025-04-26 17:25:59 - PERFORMANCE - 工具栏创建完成
2025-04-26 17:25:59 - PERFORMANCE - 主题应用完成
2025-04-26 17:25:59 - PERFORMANCE - UI初始化完成
2025-04-26 17:25:59 - PERFORMANCE - 信号连接完成
2025-04-26 17:26:00 - PERFORMANCE - 主题应用完成
2025-04-26 17:26:00 - PERFORMANCE - 性能监控面板初始化完成
2025-04-26 17:26:01 - PERFORMANCE - 性能监控启动成功
2025-04-26 17:26:01 - PERFORMANCE - 性能监控启动成功
2025-04-26 17:26:01 - PERFORMANCE - 交易系统主窗口初始化完成
2025-04-26 17:26:53 - PERFORMANCE - 初始化日志管理器完成
2025-04-26 17:26:53 - PERFORMANCE - 初始化配置管理器完成
2025-04-26 17:26:53 - PERFORMANCE - 初始化主题管理器完成
2025-04-26 17:26:53 - PERFORMANCE - 初始化性能监控完成
2025-04-26 17:26:53 - PERFORMANCE - 左侧面板创建完成
2025-04-26 17:26:53 - PERFORMANCE - 中间面板创建完成
2025-04-26 17:26:53 - PERFORMANCE - 右侧面板创建完成
2025-04-26 17:26:53 - PERFORMANCE - 底部面板创建完成
2025-04-26 17:26:53 - PERFORMANCE - 菜单栏创建完成
2025-04-26 17:26:53 - PERFORMANCE - 工具栏初始化完成
2025-04-26 17:26:53 - PERFORMANCE - 工具栏创建完成
2025-04-26 17:26:54 - PERFORMANCE - 主题应用完成
2025-04-26 17:26:54 - PERFORMANCE - UI初始化完成
2025-04-26 17:26:54 - PERFORMANCE - 信号连接完成
2025-04-26 17:26:55 - PERFORMANCE - 主题应用完成
2025-04-26 17:26:55 - PERFORMANCE - 性能监控面板初始化完成
2025-04-26 17:26:56 - PERFORMANCE - 性能监控启动成功
2025-04-26 17:26:56 - PERFORMANCE - 性能监控启动成功
2025-04-26 17:26:56 - PERFORMANCE - 交易系统主窗口初始化完成
2025-04-26 17:27:45 - PERFORMANCE - 初始化日志管理器完成
2025-04-26 17:27:45 - PERFORMANCE - 初始化配置管理器完成
2025-04-26 17:27:45 - PERFORMANCE - 初始化主题管理器完成
2025-04-26 17:27:45 - PERFORMANCE - 初始化性能监控完成
2025-04-26 17:27:45 - PERFORMANCE - 左侧面板创建完成
2025-04-26 17:27:45 - PERFORMANCE - 中间面板创建完成
2025-04-26 17:27:45 - PERFORMANCE - 右侧面板创建完成
2025-04-26 17:27:45 - PERFORMANCE - 底部面板创建完成
2025-04-26 17:27:45 - PERFORMANCE - 菜单栏创建完成
2025-04-26 17:27:45 - PERFORMANCE - 工具栏初始化完成
2025-04-26 17:27:45 - PERFORMANCE - 工具栏创建完成
2025-04-26 17:27:46 - PERFORMANCE - UI初始化完成
2025-04-26 17:27:46 - PERFORMANCE - 主题应用完成
2025-04-26 17:27:46 - PERFORMANCE - 信号连接完成
2025-04-26 17:27:47 - PERFORMANCE - 主题应用完成
2025-04-26 17:27:47 - PERFORMANCE - 性能监控面板初始化完成
2025-04-26 17:27:48 - PERFORMANCE - 性能监控启动成功
2025-04-26 17:27:48 - PERFORMANCE - 性能监控启动成功
2025-04-26 17:27:48 - PERFORMANCE - 交易系统主窗口初始化完成
2025-04-26 17:34:09 - PERFORMANCE - 初始化日志管理器完成
2025-04-26 17:34:09 - PERFORMANCE - 初始化配置管理器完成
2025-04-26 17:34:09 - PERFORMANCE - 初始化主题管理器完成
2025-04-26 17:34:09 - PERFORMANCE - 初始化性能监控完成
2025-04-26 17:34:09 - PERFORMANCE - 左侧面板创建完成
2025-04-26 17:34:09 - PERFORMANCE - 中间面板创建完成
2025-04-26 17:34:09 - PERFORMANCE - 右侧面板创建完成
2025-04-26 17:34:09 - PERFORMANCE - 底部面板创建完成
2025-04-26 17:34:09 - PERFORMANCE - 菜单栏创建完成
2025-04-26 17:34:09 - PERFORMANCE - 工具栏初始化完成
2025-04-26 17:34:09 - PERFORMANCE - 工具栏创建完成
2025-04-26 17:34:10 - PERFORMANCE - 主题应用完成
2025-04-26 17:34:10 - PERFORMANCE - UI初始化完成
2025-04-26 17:34:10 - PERFORMANCE - 信号连接完成
2025-04-26 17:34:11 - PERFORMANCE - 主题应用完成
2025-04-26 17:34:11 - PERFORMANCE - 性能监控面板初始化完成
2025-04-26 17:34:12 - PERFORMANCE - 性能监控启动成功
2025-04-26 17:34:12 - PERFORMANCE - 性能监控启动成功
2025-04-26 17:34:12 - PERFORMANCE - 交易系统主窗口初始化完成
2025-04-26 17:35:28 - PERFORMANCE - 初始化日志管理器完成
2025-04-26 17:35:28 - PERFORMANCE - 初始化配置管理器完成
2025-04-26 17:35:28 - PERFORMANCE - 初始化主题管理器完成
2025-04-26 17:35:28 - PERFORMANCE - 初始化性能监控完成
2025-04-26 17:35:28 - PERFORMANCE - 左侧面板创建完成
2025-04-26 17:35:28 - PERFORMANCE - 中间面板创建完成
2025-04-26 17:35:28 - PERFORMANCE - 右侧面板创建完成
2025-04-26 17:35:28 - PERFORMANCE - 底部面板创建完成
2025-04-26 17:35:28 - PERFORMANCE - 菜单栏创建完成
2025-04-26 17:35:28 - PERFORMANCE - 工具栏初始化完成
2025-04-26 17:35:28 - PERFORMANCE - 工具栏创建完成
2025-04-26 17:35:29 - PERFORMANCE - 主题应用完成
2025-04-26 17:35:29 - PERFORMANCE - UI初始化完成
2025-04-26 17:35:29 - PERFORMANCE - 信号连接完成
2025-04-26 17:35:30 - PERFORMANCE - 主题应用完成
2025-04-26 17:35:30 - PERFORMANCE - 性能监控面板初始化完成
2025-04-26 17:35:31 - PERFORMANCE - 性能监控启动成功
2025-04-26 17:35:31 - PERFORMANCE - 性能监控启动成功
2025-04-26 17:35:31 - PERFORMANCE - 交易系统主窗口初始化完成
2025-04-26 18:09:31 - PERFORMANCE - 初始化日志管理器完成
2025-04-26 18:09:31 - PERFORMANCE - 初始化配置管理器完成
2025-04-26 18:09:31 - PERFORMANCE - 初始化主题管理器完成
2025-04-26 18:09:31 - PERFORMANCE - 初始化性能监控完成
2025-04-26 18:09:32 - PERFORMANCE - 左侧面板创建完成
2025-04-26 18:09:32 - PERFORMANCE - 中间面板创建完成
2025-04-26 18:09:32 - PERFORMANCE - 右侧面板创建完成
2025-04-26 18:09:32 - PERFORMANCE - 底部面板创建完成
2025-04-26 18:09:32 - PERFORMANCE - 菜单栏创建完成
2025-04-26 18:09:32 - PERFORMANCE - 工具栏初始化完成
2025-04-26 18:09:32 - PERFORMANCE - 工具栏创建完成
2025-04-26 18:09:32 - PERFORMANCE - 主题应用完成
2025-04-26 18:09:32 - PERFORMANCE - UI初始化完成
2025-04-26 18:09:32 - PERFORMANCE - 信号连接完成
2025-04-26 18:09:33 - PERFORMANCE - 主题应用完成
2025-04-26 18:09:33 - PERFORMANCE - 性能监控面板初始化完成
2025-04-26 18:09:34 - PERFORMANCE - 性能监控启动成功
2025-04-26 18:09:34 - PERFORMANCE - 性能监控启动成功
2025-04-26 18:09:34 - PERFORMANCE - 交易系统主窗口初始化完成
2025-04-26 18:11:45 - PERFORMANCE - 初始化日志管理器完成
2025-04-26 18:11:45 - PERFORMANCE - 初始化配置管理器完成
2025-04-26 18:11:45 - PERFORMANCE - 初始化主题管理器完成
2025-04-26 18:11:45 - PERFORMANCE - 初始化性能监控完成
2025-04-26 18:11:46 - PERFORMANCE - 左侧面板创建完成
2025-04-26 18:11:46 - PERFORMANCE - 中间面板创建完成
2025-04-26 18:11:46 - PERFORMANCE - 右侧面板创建完成
2025-04-26 18:11:46 - PERFORMANCE - 底部面板创建完成
2025-04-26 18:11:46 - PERFORMANCE - 菜单栏创建完成
2025-04-26 18:11:46 - PERFORMANCE - 工具栏初始化完成
2025-04-26 18:11:46 - PERFORMANCE - 工具栏创建完成
2025-04-26 18:11:46 - PERFORMANCE - 主题应用完成
2025-04-26 18:11:46 - PERFORMANCE - UI初始化完成
2025-04-26 18:11:46 - PERFORMANCE - 信号连接完成
2025-04-26 18:11:47 - PERFORMANCE - 主题应用完成
2025-04-26 18:11:47 - PERFORMANCE - 性能监控面板初始化完成
2025-04-26 18:11:48 - PERFORMANCE - 性能监控启动成功
2025-04-26 18:11:48 - PERFORMANCE - 性能监控启动成功
2025-04-26 18:11:48 - PERFORMANCE - 交易系统主窗口初始化完成
2025-04-26 18:13:43 - PERFORMANCE - 初始化日志管理器完成
2025-04-26 18:13:43 - PERFORMANCE - 初始化配置管理器完成
2025-04-26 18:13:43 - PERFORMANCE - 初始化主题管理器完成
2025-04-26 18:13:43 - PERFORMANCE - 初始化性能监控完成
2025-04-26 18:13:43 - PERFORMANCE - 左侧面板创建完成
2025-04-26 18:13:43 - PERFORMANCE - 中间面板创建完成
2025-04-26 18:13:43 - PERFORMANCE - 右侧面板创建完成
2025-04-26 18:13:43 - PERFORMANCE - 底部面板创建完成
2025-04-26 18:13:43 - PERFORMANCE - 菜单栏创建完成
2025-04-26 18:13:43 - PERFORMANCE - 工具栏初始化完成
2025-04-26 18:13:43 - PERFORMANCE - 工具栏创建完成
2025-04-26 18:13:44 - PERFORMANCE - 主题应用完成
2025-04-26 18:13:44 - PERFORMANCE - UI初始化完成
2025-04-26 18:13:44 - PERFORMANCE - 信号连接完成
2025-04-26 18:13:45 - PERFORMANCE - 主题应用完成
2025-04-26 18:13:45 - PERFORMANCE - 性能监控面板初始化完成
2025-04-26 18:13:46 - PERFORMANCE - 性能监控启动成功
2025-04-26 18:13:46 - PERFORMANCE - 性能监控启动成功
2025-04-26 18:13:46 - PERFORMANCE - 交易系统主窗口初始化完成
2025-04-26 18:14:14 - PERFORMANCE - 初始化日志管理器完成
2025-04-26 18:14:14 - PERFORMANCE - 初始化配置管理器完成
2025-04-26 18:14:14 - PERFORMANCE - 初始化主题管理器完成
2025-04-26 18:14:14 - PERFORMANCE - 初始化性能监控完成
2025-04-26 18:14:14 - PERFORMANCE - 左侧面板创建完成
2025-04-26 18:14:14 - PERFORMANCE - 中间面板创建完成
2025-04-26 18:14:14 - PERFORMANCE - 右侧面板创建完成
2025-04-26 18:14:14 - PERFORMANCE - 底部面板创建完成
2025-04-26 18:14:14 - PERFORMANCE - 菜单栏创建完成
2025-04-26 18:14:14 - PERFORMANCE - 工具栏初始化完成
2025-04-26 18:14:14 - PERFORMANCE - 工具栏创建完成
2025-04-26 18:14:15 - PERFORMANCE - 主题应用完成
2025-04-26 18:14:15 - PERFORMANCE - UI初始化完成
2025-04-26 18:14:15 - PERFORMANCE - 信号连接完成
2025-04-26 18:14:16 - PERFORMANCE - 主题应用完成
2025-04-26 18:14:16 - PERFORMANCE - 性能监控面板初始化完成
2025-04-26 18:14:17 - PERFORMANCE - 性能监控启动成功
2025-04-26 18:14:17 - PERFORMANCE - 性能监控启动成功
2025-04-26 18:14:17 - PERFORMANCE - 交易系统主窗口初始化完成
2025-04-26 18:14:20 - PERFORMANCE - 监控性能指标失败: wrapped C/C++ object of type PerformanceMonitor has been deleted
2025-04-26 18:14:39 - PERFORMANCE - 初始化日志管理器完成
2025-04-26 18:14:39 - PERFORMANCE - 初始化配置管理器完成
2025-04-26 18:14:39 - PERFORMANCE - 初始化主题管理器完成
2025-04-26 18:14:39 - PERFORMANCE - 初始化性能监控完成
2025-04-26 18:14:39 - PERFORMANCE - 左侧面板创建完成
2025-04-26 18:14:39 - PERFORMANCE - 中间面板创建完成
2025-04-26 18:14:39 - PERFORMANCE - 右侧面板创建完成
2025-04-26 18:14:39 - PERFORMANCE - 底部面板创建完成
2025-04-26 18:14:39 - PERFORMANCE - 菜单栏创建完成
2025-04-26 18:14:39 - PERFORMANCE - 工具栏初始化完成
2025-04-26 18:14:39 - PERFORMANCE - 工具栏创建完成
2025-04-26 18:14:40 - PERFORMANCE - 主题应用完成
2025-04-26 18:14:40 - PERFORMANCE - UI初始化完成
2025-04-26 18:14:40 - PERFORMANCE - 信号连接完成
2025-04-26 18:14:41 - PERFORMANCE - 主题应用完成
2025-04-26 18:14:41 - PERFORMANCE - 性能监控面板初始化完成
2025-04-26 18:14:42 - PERFORMANCE - 性能监控启动成功
2025-04-26 18:14:42 - PERFORMANCE - 性能监控启动成功
2025-04-26 18:14:42 - PERFORMANCE - 交易系统主窗口初始化完成
2025-04-26 18:15:12 - PERFORMANCE - 初始化日志管理器完成
2025-04-26 18:15:12 - PERFORMANCE - 初始化配置管理器完成
2025-04-26 18:15:12 - PERFORMANCE - 初始化主题管理器完成
2025-04-26 18:15:12 - PERFORMANCE - 初始化性能监控完成
2025-04-26 18:15:12 - PERFORMANCE - 左侧面板创建完成
2025-04-26 18:15:12 - PERFORMANCE - 中间面板创建完成
2025-04-26 18:15:12 - PERFORMANCE - 右侧面板创建完成
2025-04-26 18:15:12 - PERFORMANCE - 底部面板创建完成
2025-04-26 18:15:12 - PERFORMANCE - 菜单栏创建完成
2025-04-26 18:15:12 - PERFORMANCE - 工具栏初始化完成
2025-04-26 18:15:12 - PERFORMANCE - 工具栏创建完成
2025-04-26 18:15:13 - PERFORMANCE - 主题应用完成
2025-04-26 18:15:13 - PERFORMANCE - UI初始化完成
2025-04-26 18:15:13 - PERFORMANCE - 信号连接完成
2025-04-26 18:15:13 - PERFORMANCE - 主题应用完成
2025-04-26 18:15:13 - PERFORMANCE - 性能监控面板初始化完成
2025-04-26 18:15:14 - PERFORMANCE - 性能监控启动成功
2025-04-26 18:15:14 - PERFORMANCE - 性能监控启动成功
2025-04-26 18:15:14 - PERFORMANCE - 交易系统主窗口初始化完成
2025-04-26 18:16:00 - PERFORMANCE - 已过滤股票列表，显示 0 只股票
2025-04-26 18:18:02 - PERFORMANCE - 初始化日志管理器完成
2025-04-26 18:18:02 - PERFORMANCE - 初始化配置管理器完成
2025-04-26 18:18:02 - PERFORMANCE - 初始化主题管理器完成
2025-04-26 18:18:02 - PERFORMANCE - 初始化性能监控完成
2025-04-26 18:18:03 - PERFORMANCE - 左侧面板创建完成
2025-04-26 18:18:03 - PERFORMANCE - 中间面板创建完成
2025-04-26 18:18:03 - PERFORMANCE - 右侧面板创建完成
2025-04-26 18:18:03 - PERFORMANCE - 底部面板创建完成
2025-04-26 18:18:03 - PERFORMANCE - 菜单栏创建完成
2025-04-26 18:18:03 - PERFORMANCE - 工具栏初始化完成
2025-04-26 18:18:03 - PERFORMANCE - 工具栏创建完成
2025-04-26 18:18:03 - PERFORMANCE - 主题应用完成
2025-04-26 18:18:03 - PERFORMANCE - UI初始化完成
2025-04-26 18:18:03 - PERFORMANCE - 信号连接完成
2025-04-26 18:18:04 - PERFORMANCE - 主题应用完成
2025-04-26 18:18:04 - PERFORMANCE - 性能监控面板初始化完成
2025-04-26 18:18:05 - PERFORMANCE - 性能监控启动成功
2025-04-26 18:18:05 - PERFORMANCE - 性能监控启动成功
2025-04-26 18:18:05 - PERFORMANCE - 交易系统主窗口初始化完成
2025-04-26 18:19:39 - PERFORMANCE - 初始化日志管理器完成
2025-04-26 18:19:39 - PERFORMANCE - 初始化配置管理器完成
2025-04-26 18:19:39 - PERFORMANCE - 初始化主题管理器完成
2025-04-26 18:19:39 - PERFORMANCE - 初始化性能监控完成
2025-04-26 18:19:39 - PERFORMANCE - 左侧面板创建完成
2025-04-26 18:19:39 - PERFORMANCE - 中间面板创建完成
2025-04-26 18:19:39 - PERFORMANCE - 右侧面板创建完成
2025-04-26 18:19:39 - PERFORMANCE - 底部面板创建完成
2025-04-26 18:19:39 - PERFORMANCE - 菜单栏创建完成
2025-04-26 18:19:39 - PERFORMANCE - 工具栏初始化完成
2025-04-26 18:19:39 - PERFORMANCE - 工具栏创建完成
2025-04-26 18:19:40 - PERFORMANCE - 主题应用完成
2025-04-26 18:19:40 - PERFORMANCE - UI初始化完成
2025-04-26 18:19:40 - PERFORMANCE - 信号连接完成
2025-04-26 18:19:41 - PERFORMANCE - 主题应用完成
2025-04-26 18:19:41 - PERFORMANCE - 性能监控面板初始化完成
2025-04-26 18:19:42 - PERFORMANCE - 性能监控启动成功
2025-04-26 18:19:42 - PERFORMANCE - 性能监控启动成功
2025-04-26 18:19:42 - PERFORMANCE - 交易系统主窗口初始化完成
2025-04-26 18:20:41 - PERFORMANCE - 已过滤股票列表，显示 0 只股票
2025-04-26 18:20:43 - PERFORMANCE - 已过滤股票列表，显示 0 只股票
2025-04-26 18:20:45 - PERFORMANCE - 已过滤股票列表，显示 0 只股票
2025-04-26 18:22:38 - PERFORMANCE - 初始化日志管理器完成
2025-04-26 18:22:38 - PERFORMANCE - 初始化配置管理器完成
2025-04-26 18:22:38 - PERFORMANCE - 初始化主题管理器完成
2025-04-26 18:22:38 - PERFORMANCE - 初始化性能监控完成
2025-04-26 18:22:38 - PERFORMANCE - 左侧面板创建完成
2025-04-26 18:22:38 - PERFORMANCE - 中间面板创建完成
2025-04-26 18:22:38 - PERFORMANCE - 右侧面板创建完成
2025-04-26 18:22:38 - PERFORMANCE - 底部面板创建完成
2025-04-26 18:22:38 - PERFORMANCE - 菜单栏创建完成
2025-04-26 18:22:38 - PERFORMANCE - 工具栏初始化完成
2025-04-26 18:22:38 - PERFORMANCE - 工具栏创建完成
2025-04-26 18:22:39 - PERFORMANCE - 主题应用完成
2025-04-26 18:22:39 - PERFORMANCE - UI初始化完成
2025-04-26 18:22:39 - PERFORMANCE - 信号连接完成
2025-04-26 18:22:40 - PERFORMANCE - 主题应用完成
2025-04-26 18:22:40 - PERFORMANCE - 性能监控面板初始化完成
2025-04-26 18:22:41 - PERFORMANCE - 性能监控启动成功
2025-04-26 18:22:41 - PERFORMANCE - 性能监控启动成功
2025-04-26 18:22:41 - PERFORMANCE - 交易系统主窗口初始化完成
2025-04-26 18:22:48 - PERFORMANCE - 已过滤股票列表，显示 0 只股票
2025-04-26 18:22:50 - PERFORMANCE - 已过滤股票列表，显示 0 只股票
2025-04-26 18:23:09 - PERFORMANCE - 初始化日志管理器完成
2025-04-26 18:23:09 - PERFORMANCE - 初始化配置管理器完成
2025-04-26 18:23:09 - PERFORMANCE - 初始化主题管理器完成
2025-04-26 18:23:09 - PERFORMANCE - 初始化性能监控完成
2025-04-26 18:23:09 - PERFORMANCE - 左侧面板创建完成
2025-04-26 18:23:09 - PERFORMANCE - 中间面板创建完成
2025-04-26 18:23:09 - PERFORMANCE - 右侧面板创建完成
2025-04-26 18:23:09 - PERFORMANCE - 底部面板创建完成
2025-04-26 18:23:09 - PERFORMANCE - 菜单栏创建完成
2025-04-26 18:23:09 - PERFORMANCE - 工具栏初始化完成
2025-04-26 18:23:09 - PERFORMANCE - 工具栏创建完成
2025-04-26 18:23:10 - PERFORMANCE - 主题应用完成
2025-04-26 18:23:10 - PERFORMANCE - UI初始化完成
2025-04-26 18:23:10 - PERFORMANCE - 信号连接完成
2025-04-26 18:23:11 - PERFORMANCE - 主题应用完成
2025-04-26 18:23:11 - PERFORMANCE - 性能监控面板初始化完成
2025-04-26 18:23:12 - PERFORMANCE - 性能监控启动成功
2025-04-26 18:23:12 - PERFORMANCE - 性能监控启动成功
2025-04-26 18:23:12 - PERFORMANCE - 交易系统主窗口初始化完成
2025-04-26 18:24:15 - PERFORMANCE - 已过滤股票列表，显示 0 只股票
2025-04-26 18:26:09 - PERFORMANCE - 初始化日志管理器完成
2025-04-26 18:26:09 - PERFORMANCE - 初始化配置管理器完成
2025-04-26 18:26:09 - PERFORMANCE - 初始化主题管理器完成
2025-04-26 18:26:09 - PERFORMANCE - 初始化性能监控完成
2025-04-26 18:26:10 - PERFORMANCE - 左侧面板创建完成
2025-04-26 18:26:10 - PERFORMANCE - 中间面板创建完成
2025-04-26 18:26:10 - PERFORMANCE - 右侧面板创建完成
2025-04-26 18:26:10 - PERFORMANCE - 底部面板创建完成
2025-04-26 18:26:10 - PERFORMANCE - 菜单栏创建完成
2025-04-26 18:26:10 - PERFORMANCE - 工具栏初始化完成
2025-04-26 18:26:10 - PERFORMANCE - 工具栏创建完成
2025-04-26 18:26:10 - PERFORMANCE - 主题应用完成
2025-04-26 18:26:10 - PERFORMANCE - UI初始化完成
2025-04-26 18:26:10 - PERFORMANCE - 信号连接完成
2025-04-26 18:26:11 - PERFORMANCE - 主题应用完成
2025-04-26 18:26:11 - PERFORMANCE - 性能监控面板初始化完成
2025-04-26 18:26:12 - PERFORMANCE - 性能监控启动成功
2025-04-26 18:26:12 - PERFORMANCE - 性能监控启动成功
2025-04-26 18:26:12 - PERFORMANCE - 交易系统主窗口初始化完成
2025-04-26 18:26:17 - PERFORMANCE - 过滤股票列表失败: 'TradingGUI' object has no attribute 'stock_list_model'
2025-04-26 18:26:17 - PERFORMANCE - Traceback (most recent call last):
  File "<ipython-input-1-de948bb53509>", line 716, in filter_list
    original_stocks = self.stock_list_model.stringList()
                      ^^^^^^^^^^^^^^^^^^^^^
AttributeError: 'TradingGUI' object has no attribute 'stock_list_model'

2025-04-26 19:35:27 - PERFORMANCE - TradingGUI初始化开始
2025-04-26 19:35:27 - PERFORMANCE - 程序启动失败: 'ConfigManager' object has no attribute 'load_config'
2025-04-26 19:35:27 - PERFORMANCE - Traceback (most recent call last):
  File "<ipython-input-1-8a546fc402ec>", line 3573, in main
    window = TradingGUI()
             ^^^^^^^^^^^^
  File "<ipython-input-1-8a546fc402ec>", line 134, in __init__
    self.config_manager.load_config()
    ^^^^^^^^^^^^^^^^^^^^^^^^^^^^^^^
AttributeError: 'ConfigManager' object has no attribute 'load_config'

2025-04-26 19:39:10 - PERFORMANCE - TradingGUI初始化开始
2025-04-26 19:39:10 - PERFORMANCE - TradingGUI初始化失败: name 'get_theme_manager' is not defined
2025-04-26 19:39:10 - PERFORMANCE - 程序启动失败: name 'get_theme_manager' is not defined
2025-04-26 19:39:10 - PERFORMANCE - Traceback (most recent call last):
  File "<ipython-input-1-3c76bb0e95c3>", line 3584, in main
    window = TradingGUI()
             ^^^^^^^^^^^^
  File "<ipython-input-1-3c76bb0e95c3>", line 140, in __init__
    self.theme_manager = get_theme_manager(self.config_manager)
                         ^^^^^^^^^^^^^^^^^
NameError: name 'get_theme_manager' is not defined

2025-04-26 19:42:11 - PERFORMANCE - TradingGUI初始化开始
2025-04-26 19:42:11 - PERFORMANCE - 创建左侧面板失败: QListWidget.setModel() is a private method
2025-04-26 19:42:11 - PERFORMANCE - Traceback (most recent call last):
  File "<ipython-input-1-65ebb93137bb>", line 620, in create_left_panel
    self.stock_list.setModel(self.stock_list_model)
TypeError: QListWidget.setModel() is a private method

2025-04-26 19:42:11 - PERFORMANCE - 初始化UI失败: QListWidget.setModel() is a private method
2025-04-26 19:42:11 - PERFORMANCE - Traceback (most recent call last):
  File "<ipython-input-1-65ebb93137bb>", line 368, in init_ui
    self.create_left_panel()
  File "<ipython-input-1-65ebb93137bb>", line 620, in create_left_panel
    self.stock_list.setModel(self.stock_list_model)
TypeError: QListWidget.setModel() is a private method

2025-04-26 19:42:11 - PERFORMANCE - 信号连接完成
2025-04-26 19:42:11 - PERFORMANCE - TradingGUI初始化完成
2025-04-26 19:45:32 - PERFORMANCE - TradingGUI初始化开始
2025-04-26 19:45:33 - PERFORMANCE - 左侧面板创建完成
2025-04-26 19:45:33 - PERFORMANCE - 中间面板创建完成
2025-04-26 19:45:33 - PERFORMANCE - 右侧面板创建完成
2025-04-26 19:45:33 - PERFORMANCE - 底部面板创建完成
2025-04-26 19:45:33 - PERFORMANCE - 菜单栏创建完成
2025-04-26 19:45:33 - PERFORMANCE - 工具栏初始化完成
2025-04-26 19:45:33 - PERFORMANCE - 工具栏创建完成
2025-04-26 19:45:33 - PERFORMANCE - 主题应用完成
2025-04-26 19:45:33 - PERFORMANCE - UI初始化完成
2025-04-26 19:45:34 - PERFORMANCE - 信号连接完成
2025-04-26 19:45:34 - PERFORMANCE - TradingGUI初始化完成
2025-04-26 19:45:44 - PERFORMANCE - 原始股票列表数量: 0
2025-04-26 19:45:44 - PERFORMANCE - 过滤条件: '2'，过滤后股票数量: 0
2025-04-26 19:45:44 - PERFORMANCE - 已过滤股票列表，显示 0 只股票
2025-04-26 19:45:45 - PERFORMANCE - 原始股票列表数量: 0
2025-04-26 19:45:45 - PERFORMANCE - 过滤条件: '23'，过滤后股票数量: 0
2025-04-26 19:45:45 - PERFORMANCE - 已过滤股票列表，显示 0 只股票
2025-04-26 19:45:47 - PERFORMANCE - 原始股票列表数量: 0
2025-04-26 19:45:47 - PERFORMANCE - 过滤条件: '234'，过滤后股票数量: 0
2025-04-26 19:45:47 - PERFORMANCE - 已过滤股票列表，显示 0 只股票
2025-04-26 19:45:48 - PERFORMANCE - 原始股票列表数量: 0
2025-04-26 19:45:48 - PERFORMANCE - 过滤条件: '2342'，过滤后股票数量: 0
2025-04-26 19:45:48 - PERFORMANCE - 已过滤股票列表，显示 0 只股票
